This is pdfTeX, Version 3.141592653-2.6-1.40.25 (TeX Live 2023) (preloaded format=pdflatex 2023.6.10)  6 MAY 2024 03:56
entering extended mode
 restricted \write18 enabled.
 %&-line parsing enabled.
**Raport_1.tex
(./Raport_1.tex
LaTeX2e <2022-11-01> patch level 1
L3 programming layer <2023-02-22>
(c:/texlive/2023/texmf-dist/tex/latex/base/article.cls
Document Class: article 2022/07/02 v1.4n Standard LaTeX document class
(c:/texlive/2023/texmf-dist/tex/latex/base/size10.clo
File: size10.clo 2022/07/02 v1.4n Standard LaTeX file (size option)
)
\c@part=\count185
\c@section=\count186
\c@subsection=\count187
\c@subsubsection=\count188
\c@paragraph=\count189
\c@subparagraph=\count190
\c@figure=\count191
\c@table=\count192
\abovecaptionskip=\skip48
\belowcaptionskip=\skip49
\bibindent=\dimen140
)
(c:/texlive/2023/texmf-dist/tex/latex/base/inputenc.sty
Package: inputenc 2021/02/14 v1.3d Input encoding file
\inpenc@prehook=\toks16
\inpenc@posthook=\toks17
)
(c:/texlive/2023/texmf-dist/tex/latex/base/fontenc.sty
Package: fontenc 2021/04/29 v2.0v Standard LaTeX package
)
(c:/texlive/2023/texmf-dist/tex/generic/babel/babel.sty
Package: babel 2023/02/13 3.86 The Babel package
\babel@savecnt=\count193
\U@D=\dimen141
\l@unhyphenated=\language87

(c:/texlive/2023/texmf-dist/tex/generic/babel/txtbabel.def)
\bbl@readstream=\read2
\bbl@dirlevel=\count194

(c:/texlive/2023/texmf-dist/tex/generic/babel-polish/polish.ldf
Language: polish 2022/03/12 1.3 Babel support for Polish
Package babel Info: Making " an active character on input line 101.
))
(c:/texlive/2023/texmf-dist/tex/generic/babel/locale/pl/babel-polish.tex
Package babel Info: Importing font and identification data for polish
(babel)             from babel-pl.ini. Reported on input line 11.
)
(c:/texlive/2023/texmf-dist/tex/latex/enumitem/enumitem.sty
Package: enumitem 2019/06/20 v3.9 Customized lists
\enitkv@toks@=\toks18
\labelindent=\skip50
\enit@outerparindent=\dimen142
\enit@toks=\toks19
\enit@inbox=\box51
\enit@count@id=\count195
\enitdp@description=\count196
)
(c:/texlive/2023/texmf-dist/tex/latex/graphics/graphicx.sty
Package: graphicx 2021/09/16 v1.2d Enhanced LaTeX Graphics (DPC,SPQR)

(c:/texlive/2023/texmf-dist/tex/latex/graphics/keyval.sty
Package: keyval 2022/05/29 v1.15 key=value parser (DPC)
\KV@toks@=\toks20
)
(c:/texlive/2023/texmf-dist/tex/latex/graphics/graphics.sty
Package: graphics 2022/03/10 v1.4e Standard LaTeX Graphics (DPC,SPQR)

(c:/texlive/2023/texmf-dist/tex/latex/graphics/trig.sty
Package: trig 2021/08/11 v1.11 sin cos tan (DPC)
)
(c:/texlive/2023/texmf-dist/tex/latex/graphics-cfg/graphics.cfg
File: graphics.cfg 2016/06/04 v1.11 sample graphics configuration
)
Package graphics Info: Driver file: pdftex.def on input line 107.

(c:/texlive/2023/texmf-dist/tex/latex/graphics-def/pdftex.def
File: pdftex.def 2022/09/22 v1.2b Graphics/color driver for pdftex
))
\Gin@req@height=\dimen143
\Gin@req@width=\dimen144
)
(c:/texlive/2023/texmf-dist/tex/latex/xcolor/xcolor.sty
Package: xcolor 2022/06/12 v2.14 LaTeX color extensions (UK)

(c:/texlive/2023/texmf-dist/tex/latex/graphics-cfg/color.cfg
File: color.cfg 2016/01/02 v1.6 sample color configuration
)
Package xcolor Info: Driver file: pdftex.def on input line 227.

(c:/texlive/2023/texmf-dist/tex/latex/colortbl/colortbl.sty
Package: colortbl 2022/06/20 v1.0f Color table columns (DPC)

(c:/texlive/2023/texmf-dist/tex/latex/tools/array.sty
Package: array 2022/09/04 v2.5g Tabular extension package (FMi)
\col@sep=\dimen145
\ar@mcellbox=\box52
\extrarowheight=\dimen146
\NC@list=\toks21
\extratabsurround=\skip51
\backup@length=\skip52
\ar@cellbox=\box53
)
\everycr=\toks22
\minrowclearance=\skip53
\rownum=\count197
)
(c:/texlive/2023/texmf-dist/tex/latex/graphics/mathcolor.ltx)
Package xcolor Info: Model `cmy' substituted by `cmy0' on input line 1353.
Package xcolor Info: Model `hsb' substituted by `rgb' on input line 1357.
Package xcolor Info: Model `RGB' extended on input line 1369.
Package xcolor Info: Model `HTML' substituted by `rgb' on input line 1371.
Package xcolor Info: Model `Hsb' substituted by `hsb' on input line 1372.
Package xcolor Info: Model `tHsb' substituted by `hsb' on input line 1373.
Package xcolor Info: Model `HSB' substituted by `hsb' on input line 1374.
Package xcolor Info: Model `Gray' substituted by `gray' on input line 1375.
Package xcolor Info: Model `wave' substituted by `hsb' on input line 1376.
)
(c:/texlive/2023/texmf-dist/tex/latex/l3backend/l3backend-pdftex.def
File: l3backend-pdftex.def 2023-01-16 L3 backend support: PDF output (pdfTeX)
\l__color_backend_stack_int=\count198
\l__pdf_internal_box=\box54
)
(./Raport_1.aux)
\openout1 = `Raport_1.aux'.

LaTeX Font Info:    Checking defaults for OML/cmm/m/it on input line 17.
LaTeX Font Info:    ... okay on input line 17.
LaTeX Font Info:    Checking defaults for OMS/cmsy/m/n on input line 17.
LaTeX Font Info:    ... okay on input line 17.
LaTeX Font Info:    Checking defaults for OT1/cmr/m/n on input line 17.
LaTeX Font Info:    ... okay on input line 17.
LaTeX Font Info:    Checking defaults for T1/cmr/m/n on input line 17.
LaTeX Font Info:    ... okay on input line 17.
LaTeX Font Info:    Checking defaults for TS1/cmr/m/n on input line 17.
LaTeX Font Info:    ... okay on input line 17.
LaTeX Font Info:    Checking defaults for OMX/cmex/m/n on input line 17.
LaTeX Font Info:    ... okay on input line 17.
LaTeX Font Info:    Checking defaults for U/cmr/m/n on input line 17.
LaTeX Font Info:    ... okay on input line 17.

(c:/texlive/2023/texmf-dist/tex/context/base/mkii/supp-pdf.mkii
[Loading MPS to PDF converter (version 2006.09.02).]
\scratchcounter=\count199
\scratchdimen=\dimen147
\scratchbox=\box55
\nofMPsegments=\count266
\nofMParguments=\count267
\everyMPshowfont=\toks23
\MPscratchCnt=\count268
\MPscratchDim=\dimen148
\MPnumerator=\count269
\makeMPintoPDFobject=\count270
\everyMPtoPDFconversion=\toks24
) (c:/texlive/2023/texmf-dist/tex/latex/epstopdf-pkg/epstopdf-base.sty
Package: epstopdf-base 2020-01-24 v2.11 Base part for package epstopdf
Package epstopdf-base Info: Redefining graphics rule for `.eps' on input line 4
85.

(c:/texlive/2023/texmf-dist/tex/latex/latexconfig/epstopdf-sys.cfg
File: epstopdf-sys.cfg 2010/07/13 v1.3 Configuration of (r)epstopdf for TeX Liv
e
))
LaTeX Font Info:    External font `cmex10' loaded for size
(Font)              <12> on input line 18.
LaTeX Font Info:    External font `cmex10' loaded for size
(Font)              <8> on input line 18.
LaTeX Font Info:    External font `cmex10' loaded for size
(Font)              <6> on input line 18.
<C:/Users/kacpu/Programowanie/Semestr4/Statystyka stosowana/Raport1/Wykresy/His
togram_2002.png, id=1, 650.43pt x 433.62pt>
File: C:/Users/kacpu/Programowanie/Semestr4/Statystyka stosowana/Raport1/Wykres
y/Histogram_2002.png Graphic file (type png)
<use C:/Users/kacpu/Programowanie/Semestr4/Statystyka stosowana/Raport1/Wykresy
/Histogram_2002.png>
Package pdftex.def Info: C:/Users/kacpu/Programowanie/Semestr4/Statystyka stoso
wana/Raport1/Wykresy/Histogram_2002.png  used on input line 34.
(pdftex.def)             Requested size: 260.16739pt x 173.44492pt.
 [1

{c:/texlive/2023/texmf-var/fonts/map/pdftex/updmap/pdftex.map}{c:/texlive/2023/
texmf-dist/fonts/enc/dvips/cm-super/cm-super-t1.enc}]
<C:/Users/kacpu/Programowanie/Semestr4/Statystyka stosowana/Raport1/Wykresy/His
togram_2022.png, id=12, 650.43pt x 433.62pt>
File: C:/Users/kacpu/Programowanie/Semestr4/Statystyka stosowana/Raport1/Wykres
y/Histogram_2022.png Graphic file (type png)
<use C:/Users/kacpu/Programowanie/Semestr4/Statystyka stosowana/Raport1/Wykresy
/Histogram_2022.png>
Package pdftex.def Info: C:/Users/kacpu/Programowanie/Semestr4/Statystyka stoso
wana/Raport1/Wykresy/Histogram_2022.png  used on input line 36.
(pdftex.def)             Requested size: 260.16739pt x 173.44492pt.
<C:/Users/kacpu/Programowanie/Semestr4/Statystyka stosowana/Raport1/Wykresy/Dys
trybuanty_empiryczne.png, id=13, 650.43pt x 433.62pt>
File: C:/Users/kacpu/Programowanie/Semestr4/Statystyka stosowana/Raport1/Wykres
y/Dystrybuanty_empiryczne.png Graphic file (type png)
<use C:/Users/kacpu/Programowanie/Semestr4/Statystyka stosowana/Raport1/Wykresy
/Dystrybuanty_empiryczne.png>
Package pdftex.def Info: C:/Users/kacpu/Programowanie/Semestr4/Statystyka stoso
wana/Raport1/Wykresy/Dystrybuanty_empiryczne.png  used on input line 38.
(pdftex.def)             Requested size: 260.16739pt x 173.44492pt.
 [2 <c:/Users/kacpu/Programowanie/Semestr4/Statystyka stosowana/Raport1/Wykresy
/Histogram_2002.png> <c:/Users/kacpu/Programowanie/Semestr4/Statystyka stosowan
a/Raport1/Wykresy/Histogram_2022.png> <c:/Users/kacpu/Programowanie/Semestr4/St
atystyka stosowana/Raport1/Wykresy/Dystrybuanty_empiryczne.png>]
Overfull \hbox (6.81448pt too wide) in paragraph at lines 53--54
[]\T1/cmr/m/n/10 Dalsze roz-wa-»a-nia kon-ty-nu-ujemy, li-cz¡c ±red-nie ci¦te o
bu spo-ªe-cze«stw. 
 []

<C:/Users/kacpu/Programowanie/Semestr4/Statystyka stosowana/Raport1/Wykresy/Sre
dnie_ciete.png, id=20, 462.528pt x 346.896pt>
File: C:/Users/kacpu/Programowanie/Semestr4/Statystyka stosowana/Raport1/Wykres
y/Srednie_ciete.png Graphic file (type png)
<use C:/Users/kacpu/Programowanie/Semestr4/Statystyka stosowana/Raport1/Wykresy
/Srednie_ciete.png>
Package pdftex.def Info: C:/Users/kacpu/Programowanie/Semestr4/Statystyka stoso
wana/Raport1/Wykresy/Srednie_ciete.png  used on input line 55.
(pdftex.def)             Requested size: 231.26343pt x 173.44757pt.
[3 <c:/Users/kacpu/Programowanie/Semestr4/Statystyka stosowana/Raport1/Wykresy/
Srednie_ciete.png>]
Underfull \hbox (badness 10000) in paragraph at lines 61--62

 []

LaTeX Font Info:    External font `cmex10' loaded for size
(Font)              <7> on input line 66.
LaTeX Font Info:    External font `cmex10' loaded for size
(Font)              <5> on input line 66.

Underfull \hbox (badness 10000) in paragraph at lines 81--82

 []


Overfull \hbox (0.84372pt too wide) in paragraph at lines 113--114
[]\T1/cmr/m/n/10 Patrz¡c na hi-sto-gramy spo-ªe-cze«stw, mo»na ªa-two okre-±li¢
 ich ksztaªt,
 []

[4]
<C:/Users/kacpu/Programowanie/Semestr4/Statystyka stosowana/Raport1/Wykresy/Box
ploty.png, id=28, 462.528pt x 346.896pt>
File: C:/Users/kacpu/Programowanie/Semestr4/Statystyka stosowana/Raport1/Wykres
y/Boxploty.png Graphic file (type png)
<use C:/Users/kacpu/Programowanie/Semestr4/Statystyka stosowana/Raport1/Wykresy
/Boxploty.png>
Package pdftex.def Info: C:/Users/kacpu/Programowanie/Semestr4/Statystyka stoso
wana/Raport1/Wykresy/Boxploty.png  used on input line 122.
(pdftex.def)             Requested size: 231.26343pt x 173.44757pt.
 [5 <c:/Users/kacpu/Programowanie/Semestr4/Statystyka stosowana/Raport1/Wykresy
/Boxploty.png>]
Underfull \hbox (badness 7777) in paragraph at lines 132--133
[]\T1/cmr/m/n/10 Dane de-mo-gra-ficzne Pol-ski w roku 2002 we-dªug pªci i wieku
:
 []


Underfull \hbox (badness 7777) in paragraph at lines 135--136
[]\T1/cmr/m/n/10 Dane de-mo-gra-ficzne Pol-ski w roku 2023 we-dªug pªci i wieku
:
 []

[6] (./Raport_1.aux) ) 
Here is how much of TeX's memory you used:
 3638 strings out of 476025
 60677 string characters out of 5794015
 1860382 words of memory out of 5000000
 24073 multiletter control sequences out of 15000+600000
 519637 words of font info for 47 fonts, out of 8000000 for 9000
 1141 hyphenation exceptions out of 8191
 57i,10n,62p,771b,478s stack positions out of 10000i,1000n,20000p,200000b,200000s
<c:/texlive/2023/texmf-dist/fonts/type1/public/cm-super/s
fbx1000.pfb><c:/texlive/2023/texmf-dist/fonts/type1/public/cm-super/sfbx1440.pf
b><c:/texlive/2023/texmf-dist/fonts/type1/public/cm-super/sfrm1000.pfb><c:/texl
ive/2023/texmf-dist/fonts/type1/public/cm-super/sfrm1200.pfb><c:/texlive/2023/t
exmf-dist/fonts/type1/public/cm-super/sfrm1728.pfb>
Output written on Raport_1.pdf (6 pages, 182347 bytes).
PDF statistics:
 60 PDF objects out of 1000 (max. 8388607)
 31 compressed objects within 1 object stream
 0 named destinations out of 1000 (max. 500000)
 26 words of extra memory for PDF output out of 10000 (max. 10000000)

